{
  meta: {
    req: {
      url: '/',
      headers: {
        host: 'localhost:4000',
        connection: 'keep-alive',
        'cache-control': 'max-age=0',
        'sec-ch-ua': '"Chromium";v="122", "Not(A:Brand";v="24", "Google Chrome";v="122"',
        'sec-ch-ua-mobile': '?0',
        'sec-ch-ua-platform': '"Windows"',
        'upgrade-insecure-requests': '1',
        'user-agent': 'Mozilla/5.0 (Windows NT 10.0; Win64; x64) AppleWebKit/537.36 (KHTML, like Gecko) Chrome/122.0.0.0 Safari/537.36',
        accept: 'text/html,application/xhtml+xml,application/xml;q=0.9,image/avif,image/webp,image/apng,*/*;q=0.8,application/signed-exchange;v=b3;q=0.7',
        'sec-fetch-site': 'none',
        'sec-fetch-mode': 'navigate',
        'sec-fetch-user': '?1',
        'sec-fetch-dest': 'document',
        'accept-encoding': 'gzip, deflate, br, zstd',
        'accept-language': 'en-US,en;q=0.9'
      },
      method: 'GET',
      httpVersion: '1.1',
      originalUrl: '/',
      query: {}
    },
    res: { statusCode: 500 },
    responseTime: 3
  },
  level: 'error',
  message: 'HTTP GET /',
  timestamp: '2024-03-06T07:45:32.718Z'
}
{
  meta: {
    req: {
      url: '/',
      headers: {
        host: 'localhost:4000',
        connection: 'keep-alive',
        'cache-control': 'max-age=0',
        'sec-ch-ua': '"Chromium";v="122", "Not(A:Brand";v="24", "Google Chrome";v="122"',
        'sec-ch-ua-mobile': '?0',
        'sec-ch-ua-platform': '"Windows"',
        'upgrade-insecure-requests': '1',
        'user-agent': 'Mozilla/5.0 (Windows NT 10.0; Win64; x64) AppleWebKit/537.36 (KHTML, like Gecko) Chrome/122.0.0.0 Safari/537.36',
        accept: 'text/html,application/xhtml+xml,application/xml;q=0.9,image/avif,image/webp,image/apng,*/*;q=0.8,application/signed-exchange;v=b3;q=0.7',
        'sec-fetch-site': 'none',
        'sec-fetch-mode': 'navigate',
        'sec-fetch-user': '?1',
        'sec-fetch-dest': 'document',
        'accept-encoding': 'gzip, deflate, br, zstd',
        'accept-language': 'en-US,en;q=0.9'
      },
      method: 'GET',
      httpVersion: '1.1',
      originalUrl: '/',
      query: {}
    },
    res: { statusCode: 500 },
    responseTime: 6
  },
  level: 'error',
  message: 'HTTP GET /',
  timestamp: '2024-03-06T16:03:03.848Z'
}
{
  meta: {
    req: {
      url: '/',
      headers: {
        host: 'localhost:4000',
        connection: 'keep-alive',
        'cache-control': 'max-age=0',
        'sec-ch-ua': '"Chromium";v="122", "Not(A:Brand";v="24", "Google Chrome";v="122"',
        'sec-ch-ua-mobile': '?0',
        'sec-ch-ua-platform': '"Windows"',
        'upgrade-insecure-requests': '1',
        'user-agent': 'Mozilla/5.0 (Windows NT 10.0; Win64; x64) AppleWebKit/537.36 (KHTML, like Gecko) Chrome/122.0.0.0 Safari/537.36',
        accept: 'text/html,application/xhtml+xml,application/xml;q=0.9,image/avif,image/webp,image/apng,*/*;q=0.8,application/signed-exchange;v=b3;q=0.7',
        'sec-fetch-site': 'none',
        'sec-fetch-mode': 'navigate',
        'sec-fetch-user': '?1',
        'sec-fetch-dest': 'document',
        'accept-encoding': 'gzip, deflate, br, zstd',
        'accept-language': 'en-US,en;q=0.9'
      },
      method: 'GET',
      httpVersion: '1.1',
      originalUrl: '/',
      query: {}
    },
    res: { statusCode: 500 },
    responseTime: 1
  },
  level: 'error',
  message: 'HTTP GET /',
  timestamp: '2024-03-06T16:03:05.702Z'
}
